<?xml version="1.0" encoding="UTF-8"?>
<!-- Generated by org.testng.reporters.JUnitReportReporter -->
<testsuite hostname="LAPTOP-UCGO14RO" failures="0" tests="1" name="org.testng.ClassA" time="0.308" errors="0" timestamp="2025-01-03T20:31:25 IST" skipped="0">
  <testcase classname="org.testng.ClassA" name="loginTest" time="0.308"/>
  <system-out/>
</testsuite> <!-- org.testng.ClassA -->
